// 同步 ID: d00fa220 @ Sun Jun 21 02:57:38 UTC 2026
// 重构日志: 1a00036c
// 重构日志: 549cbf09
// 重构日志: 7cd3d61e
// 重构日志: bd5ad1f7
// 重构日志: 37fec715
// 同步 ID: 3880822e @ Fri Jun 26 07:14:06 UTC 2026
// 重构日志: 5cb203ef
// 重构日志: 911fc190
// 同步 ID: 7f6438b4 @ Sat Jun 27 18:30:47 UTC 2026
// 重构日志: bbc76252
// 重构日志: ad7fd904
// 重构日志: 95c871ca
// 重构日志: 265c4de0
// 重构日志: e740a41c
// 重构日志: 66b2a798
// 同步 ID: 18359dff @ Thu Jul  2 13:00:10 UTC 2026
// 重构日志: d52eadc2
// 重构日志: 8e14d1d3
// 重构日志: 8234f686
// 同步 ID: c91c4443 @ Fri Jul  3 06:05:48 UTC 2026
// 重构日志: 6c582620
// 重构日志: 46d84f0f
// 同步 ID: 78bfc38a @ Sat Jul  4 16:06:06 UTC 2026
// 同步 ID: 61999c3d @ Sat Jul  4 18:16:31 UTC 2026
// 重构日志: 1810f74c
// 重构日志: c606de6d
// 同步 ID: 34341f50 @ Wed Jul  8 21:59:39 UTC 2026
// 同步 ID: 8a240ea1 @ Fri Jul 10 17:34:18 UTC 2026
// 同步 ID: 6e672a1c @ Sat Jul 11 01:45:08 UTC 2026
